  Meja TV 303.cpp
C:\Users\GAMING\Documents\TUGAS\Grafkom\Meja TV 303\Meja TV 303.cpp(14,49): warning C4305: 'initializing': truncation from 'double' to 'GLfloat'
C:\Users\GAMING\Documents\TUGAS\Grafkom\Meja TV 303\Meja TV 303.cpp(25,24): warning C4305: 'initializing': truncation from 'double' to 'float'
C:\Users\GAMING\Documents\TUGAS\Grafkom\Meja TV 303\Meja TV 303.cpp(34,23): warning C4305: 'initializing': truncation from 'double' to 'float'
C:\Users\GAMING\Documents\TUGAS\Grafkom\Meja TV 303\Meja TV 303.cpp(35,20): warning C4305: 'initializing': truncation from 'double' to 'float'
C:\Users\GAMING\Documents\TUGAS\Grafkom\Meja TV 303\Meja TV 303.cpp(36,32): warning C4305: 'initializing': truncation from 'double' to 'float'
C:\Users\GAMING\Documents\TUGAS\Grafkom\Meja TV 303\Meja TV 303.cpp(37,33): warning C4305: 'initializing': truncation from 'double' to 'float'
C:\Users\GAMING\Documents\TUGAS\Grafkom\Meja TV 303\Meja TV 303.cpp(227,28): warning C4305: 'argument': truncation from 'double' to 'GLfloat'
C:\Users\GAMING\Documents\TUGAS\Grafkom\Meja TV 303\Meja TV 303.cpp(236,28): warning C4305: 'argument': truncation from 'double' to 'GLfloat'
C:\Users\GAMING\Documents\TUGAS\Grafkom\Meja TV 303\Meja TV 303.cpp(245,28): warning C4305: 'argument': truncation from 'double' to 'GLfloat'
C:\Users\GAMING\Documents\TUGAS\Grafkom\Meja TV 303\Meja TV 303.cpp(254,28): warning C4305: 'argument': truncation from 'double' to 'GLfloat'
C:\Users\GAMING\Documents\TUGAS\Grafkom\Meja TV 303\Meja TV 303.cpp(263,28): warning C4305: 'argument': truncation from 'double' to 'GLfloat'
C:\Users\GAMING\Documents\TUGAS\Grafkom\Meja TV 303\Meja TV 303.cpp(349,54): warning C4305: 'argument': truncation from 'double' to 'float'
C:\Users\GAMING\Documents\TUGAS\Grafkom\Meja TV 303\Meja TV 303.cpp(350,28): warning C4305: 'argument': truncation from 'double' to 'GLfloat'
C:\Users\GAMING\Documents\TUGAS\Grafkom\Meja TV 303\Meja TV 303.cpp(351,52): warning C4305: 'argument': truncation from 'double' to 'float'
C:\Users\GAMING\Documents\TUGAS\Grafkom\Meja TV 303\Meja TV 303.cpp(352,52): warning C4305: 'argument': truncation from 'double' to 'float'
C:\Users\GAMING\Documents\TUGAS\Grafkom\Meja TV 303\Meja TV 303.cpp(353,52): warning C4305: 'argument': truncation from 'double' to 'float'
C:\Users\GAMING\Documents\TUGAS\Grafkom\Meja TV 303\Meja TV 303.cpp(354,53): warning C4305: 'argument': truncation from 'double' to 'float'
C:\Users\GAMING\Documents\TUGAS\Grafkom\Meja TV 303\Meja TV 303.cpp(355,34): warning C4305: 'argument': truncation from 'double' to 'GLfloat'
C:\Users\GAMING\Documents\TUGAS\Grafkom\Meja TV 303\Meja TV 303.cpp(358,27): warning C4305: 'argument': truncation from 'double' to 'GLfloat'
C:\Users\GAMING\Documents\TUGAS\Grafkom\Meja TV 303\Meja TV 303.cpp(366,32): warning C4305: 'argument': truncation from 'double' to 'GLfloat'
C:\Users\GAMING\Documents\TUGAS\Grafkom\Meja TV 303\Meja TV 303.cpp(368,28): warning C4305: 'argument': truncation from 'double' to 'GLfloat'
C:\Users\GAMING\Documents\TUGAS\Grafkom\Meja TV 303\Meja TV 303.cpp(373,33): warning C4305: 'argument': truncation from 'double' to 'GLfloat'
C:\Users\GAMING\Documents\TUGAS\Grafkom\Meja TV 303\Meja TV 303.cpp(375,28): warning C4305: 'argument': truncation from 'double' to 'GLfloat'
C:\Users\GAMING\Documents\TUGAS\Grafkom\Meja TV 303\Meja TV 303.cpp(381,28): warning C4305: 'argument': truncation from 'double' to 'GLfloat'
C:\Users\GAMING\Documents\TUGAS\Grafkom\Meja TV 303\Meja TV 303.cpp(382,51): warning C4305: 'argument': truncation from 'double' to 'float'
C:\Users\GAMING\Documents\TUGAS\Grafkom\Meja TV 303\Meja TV 303.cpp(387,33): warning C4305: 'argument': truncation from 'double' to 'GLfloat'
C:\Users\GAMING\Documents\TUGAS\Grafkom\Meja TV 303\Meja TV 303.cpp(389,29): warning C4305: 'argument': truncation from 'double' to 'GLfloat'
C:\Users\GAMING\Documents\TUGAS\Grafkom\Meja TV 303\Meja TV 303.cpp(396,54): warning C4305: 'argument': truncation from 'double' to 'float'
C:\Users\GAMING\Documents\TUGAS\Grafkom\Meja TV 303\Meja TV 303.cpp(397,54): warning C4305: 'argument': truncation from 'double' to 'float'
C:\Users\GAMING\Documents\TUGAS\Grafkom\Meja TV 303\Meja TV 303.cpp(398,55): warning C4305: 'argument': truncation from 'double' to 'float'
C:\Users\GAMING\Documents\TUGAS\Grafkom\Meja TV 303\Meja TV 303.cpp(399,28): warning C4305: 'argument': truncation from 'double' to 'GLfloat'
C:\Users\GAMING\Documents\TUGAS\Grafkom\Meja TV 303\Meja TV 303.cpp(400,51): warning C4305: 'argument': truncation from 'double' to 'float'
C:\Users\GAMING\Documents\TUGAS\Grafkom\Meja TV 303\Meja TV 303.cpp(401,52): warning C4305: 'argument': truncation from 'double' to 'float'
C:\Users\GAMING\Documents\TUGAS\Grafkom\Meja TV 303\Meja TV 303.cpp(407,54): warning C4305: 'argument': truncation from 'double' to 'float'
C:\Users\GAMING\Documents\TUGAS\Grafkom\Meja TV 303\Meja TV 303.cpp(408,55): warning C4305: 'argument': truncation from 'double' to 'float'
C:\Users\GAMING\Documents\TUGAS\Grafkom\Meja TV 303\Meja TV 303.cpp(409,52): warning C4305: 'argument': truncation from 'double' to 'float'
C:\Users\GAMING\Documents\TUGAS\Grafkom\Meja TV 303\Meja TV 303.cpp(410,53): warning C4305: 'argument': truncation from 'double' to 'float'
C:\Users\GAMING\Documents\TUGAS\Grafkom\Meja TV 303\Meja TV 303.cpp(412,53): warning C4305: 'argument': truncation from 'double' to 'float'
C:\Users\GAMING\Documents\TUGAS\Grafkom\Meja TV 303\Meja TV 303.cpp(419,54): warning C4305: 'argument': truncation from 'double' to 'float'
C:\Users\GAMING\Documents\TUGAS\Grafkom\Meja TV 303\Meja TV 303.cpp(420,55): warning C4305: 'argument': truncation from 'double' to 'float'
C:\Users\GAMING\Documents\TUGAS\Grafkom\Meja TV 303\Meja TV 303.cpp(421,52): warning C4305: 'argument': truncation from 'double' to 'float'
C:\Users\GAMING\Documents\TUGAS\Grafkom\Meja TV 303\Meja TV 303.cpp(422,53): warning C4305: 'argument': truncation from 'double' to 'float'
C:\Users\GAMING\Documents\TUGAS\Grafkom\Meja TV 303\Meja TV 303.cpp(424,53): warning C4305: 'argument': truncation from 'double' to 'float'
C:\Users\GAMING\Documents\TUGAS\Grafkom\Meja TV 303\Meja TV 303.cpp(429,28): warning C4305: 'argument': truncation from 'double' to 'GLfloat'
C:\Users\GAMING\Documents\TUGAS\Grafkom\Meja TV 303\Meja TV 303.cpp(430,52): warning C4305: 'argument': truncation from 'double' to 'float'
C:\Users\GAMING\Documents\TUGAS\Grafkom\Meja TV 303\Meja TV 303.cpp(441,48): warning C4305: 'argument': truncation from 'double' to 'GLfloat'
C:\Users\GAMING\Documents\TUGAS\Grafkom\Meja TV 303\Meja TV 303.cpp(449,36): warning C4305: 'argument': truncation from 'double' to 'GLclampf'
C:\Users\GAMING\Documents\TUGAS\Grafkom\Meja TV 303\Meja TV 303.cpp(533,27): warning C4244: '+=': conversion from 'double' to 'float', possible loss of data
C:\Users\GAMING\Documents\TUGAS\Grafkom\Meja TV 303\Meja TV 303.cpp(534,27): warning C4244: '+=': conversion from 'double' to 'float', possible loss of data
C:\Users\GAMING\Documents\TUGAS\Grafkom\Meja TV 303\Meja TV 303.cpp(540,30): warning C4244: '+=': conversion from 'double' to 'float', possible loss of data
C:\Users\GAMING\Documents\TUGAS\Grafkom\Meja TV 303\Meja TV 303.cpp(541,30): warning C4244: '-=': conversion from 'double' to 'float', possible loss of data
C:\Users\GAMING\Documents\TUGAS\Grafkom\Meja TV 303\Meja TV 303.cpp(544,30): warning C4244: '+=': conversion from 'double' to 'float', possible loss of data
  Meja TV 303.vcxproj -> C:\Users\GAMING\Documents\TUGAS\Grafkom\Meja TV 303\x64\Debug\Meja TV 303.exe
